RUN	starterpackage.OpenBrew	openbrew	1659510638876	 	3.6.1
USER	find_breweries	START	1659510640453
USER	find_breweries	START	1659510640453
USER	find_breweries	START	1659510640453
USER	find_breweries	START	1659510640453
USER	find_breweries	START	1659510640457
USER	find_breweries	START	1659510640453
USER	find_breweries	START	1659510640453
USER	find_breweries	START	1659510640527
USER	find_breweries	START	1659510640453
USER	find_breweries	START	1659510640528
REQUEST		all_breweries	1659510640510	1659510640778	OK	 
REQUEST		all_breweries	1659510640510	1659510640782	OK	 
REQUEST		all_breweries	1659510640510	1659510640780	OK	 
REQUEST		all_breweries	1659510640510	1659510640779	OK	 
REQUEST		all_breweries	1659510640510	1659510641105	OK	 
REQUEST		all_breweries	1659510640510	1659510641106	OK	 
REQUEST		all_breweries	1659510640529	1659510641343	OK	 
REQUEST		all_breweries	1659510640511	1659510641654	OK	 
REQUEST		all_breweries	1659510640510	1659510641687	OK	 
REQUEST		all_breweries	1659510640527	1659510641763	OK	 
REQUEST		id	1659510643119	1659510643541	KO	status.find.in(201,200,301), but actually found 404
USER	find_breweries	END	1659510643559
REQUEST		id	1659510643119	1659510643584	KO	status.find.in(201,200,301), but actually found 404
USER	find_breweries	END	1659510643586
REQUEST		id	1659510642840	1659510643623	KO	status.find.in(201,200,301), but actually found 404
USER	find_breweries	END	1659510643625
REQUEST		id	1659510642836	1659510643627	KO	status.find.in(201,200,301), but actually found 404
USER	find_breweries	END	1659510643629
REQUEST		id	1659510642837	1659510643635	KO	status.find.in(201,200,301), but actually found 404
USER	find_breweries	END	1659510643637
REQUEST		id	1659510642840	1659510643674	KO	status.find.in(201,200,301), but actually found 404
USER	find_breweries	END	1659510643676
REQUEST		id	1659510643354	1659510643821	KO	status.find.in(201,200,301), but actually found 404
USER	find_breweries	END	1659510643823
REQUEST		id	1659510643671	1659510643970	KO	status.find.in(201,200,301), but actually found 404
USER	find_breweries	END	1659510643971
REQUEST		id	1659510643703	1659510644131	KO	status.find.in(201,200,301), but actually found 404
USER	find_breweries	END	1659510644134
REQUEST		id	1659510643783	1659510644237	KO	status.find.in(201,200,301), but actually found 404
USER	find_breweries	END	1659510644241
