RUN	OtherProtocols.SSEProtocol	sseprotocol	1659942871869	2	3.6.1
USER	sse scenario	START	1659942873714
USER	sse scenario	START	1659942873714
USER	sse scenario	START	1659942873721
USER	sse scenario	START	1659942873715
USER	sse scenario	START	1659942873712
REQUEST		sse_request	1659942873751	1659942874312	OK	 
REQUEST		sse_request	1659942873751	1659942874312	OK	 
REQUEST		sse_request	1659942873751	1659942874312	OK	 
REQUEST		sse_request	1659942873751	1659942874333	OK	 
REQUEST		sse_request	1659942873751	1659942874347	OK	 
REQUEST		check_connect	1659942874333	1659942874343	OK	 
REQUEST		check_connect	1659942874312	1659942874343	OK	 
REQUEST		check_connect	1659942874312	1659942874343	OK	 
REQUEST		check_connect	1659942874347	1659942874347	OK	 
REQUEST		check_connect	1659942874312	1659942874343	OK	 
REQUEST		checkid	1659942879389	1659942880313	OK	 
REQUEST		checkid	1659942879390	1659942880308	OK	 
REQUEST		checkid	1659942879389	1659942880307	OK	 
REQUEST		checkid	1659942879389	1659942881304	OK	 
REQUEST		checkdata	1659942879389	1659942881304	OK	 
REQUEST		checkid	1659942879390	1659942881309	OK	 
REQUEST		checkdata	1659942879389	1659942881312	OK	 
REQUEST		checkdata	1659942879390	1659942882305	OK	 
REQUEST		checkid	1659942882305	1659942883306	OK	 
REQUEST		checkid	1659942881307	1659942884305	OK	 
REQUEST		checkdata	1659942879389	1659942884305	OK	 
REQUEST		checkdata	1659942879390	1659942884317	OK	 
REQUEST		checkid	1659942881313	1659942884317	OK	 
REQUEST		checkdata	1659942882305	1659942885305	OK	 
REQUEST		checkid	1659942884306	1659942885305	OK	 
REQUEST		checkdata	1659942881313	1659942885313	OK	 
REQUEST		checkdata	1659942881307	1659942886305	OK	 
REQUEST		checkid	1659942884318	1659942886310	OK	 
REQUEST		checkid	1659942886305	1659942887347	OK	 
REQUEST		checkdata	1659942884318	1659942887348	OK	 
REQUEST		checkid	1659942885306	1659942888305	OK	 
REQUEST		checkdata	1659942886305	1659942888305	OK	 
REQUEST		checkdata	1659942884306	1659942888308	OK	 
REQUEST		checkid	1659942885314	1659942888313	OK	 
REQUEST		checkid	1659942888306	1659942889305	OK	 
REQUEST		checkdata	1659942885306	1659942890305	OK	 
REQUEST		checkid	1659942887349	1659942890310	OK	 
REQUEST		checkid	1659942888309	1659942891305	OK	 
REQUEST		checkdata	1659942885314	1659942891320	OK	 
REQUEST		checkdata	1659942888309	1659942892305	OK	 
REQUEST		checkdata	1659942888306	1659942892305	OK	 
REQUEST		checkid	1659942891322	1659942892314	OK	 
REQUEST		checkid	1659942890306	1659942893305	OK	 
REQUEST		checkdata	1659942887349	1659942893310	OK	 
REQUEST		checkdata	1659942891322	1659942893314	OK	 
REQUEST		checkdata	1659942890306	1659942894311	OK	 
REQUEST		checkid	1659942892306	1659942895305	OK	 
REQUEST		checkid	1659942892306	1659942895305	OK	 
REQUEST		checkid	1659942893315	1659942895315	OK	 
REQUEST		checkdata	1659942892306	1659942896305	OK	 
REQUEST		sse_close	1659942896307	1659942896309	OK	 
USER	sse scenario	END	1659942896311
REQUEST		checkid	1659942893311	1659942896313	OK	 
REQUEST		checkid	1659942894312	1659942897306	OK	 
REQUEST		checkdata	1659942893311	1659942897311	OK	 
REQUEST		checkdata	1659942893315	1659942897315	OK	 
REQUEST		sse_close	1659942897315	1659942897315	OK	 
USER	sse scenario	END	1659942897316
REQUEST		checkdata	1659942892306	1659942898387	OK	 
REQUEST		checkdata	1659942894312	1659942898387	OK	 
REQUEST		sse_close	1659942898387	1659942898388	OK	 
USER	sse scenario	END	1659942898388
REQUEST		checkid	1659942898388	1659942900306	OK	 
REQUEST		checkid	1659942897312	1659942900311	OK	 
REQUEST		checkdata	1659942897312	1659942901312	OK	 
REQUEST		sse_close	1659942901312	1659942901312	OK	 
USER	sse scenario	END	1659942901313
REQUEST		checkdata	1659942898388	1659942903307	OK	 
REQUEST		sse_close	1659942903308	1659942903308	OK	 
USER	sse scenario	END	1659942903308
USER	sse scenario	START	1659942903706
REQUEST		sse_request	1659942903708	1659942904249	OK	 
REQUEST		check_connect	1659942904249	1659942904250	OK	 
USER	sse scenario	START	1659942909692
REQUEST		sse_request	1659942909693	1659942911264	OK	 
REQUEST		check_connect	1659942911264	1659942911264	OK	 
REQUEST		checkid	1659942909251	1659942912249	OK	 
REQUEST		checkdata	1659942909251	1659942913249	OK	 
USER	sse scenario	START	1659942915695
REQUEST		sse_request	1659942915696	1659942916235	OK	 
REQUEST		check_connect	1659942916235	1659942916235	OK	 
REQUEST		checkid	1659942913250	1659942916249	OK	 
REQUEST		checkid	1659942916265	1659942917265	OK	 
REQUEST		checkdata	1659942913250	1659942919249	OK	 
REQUEST		checkdata	1659942916265	1659942919265	OK	 
REQUEST		checkid	1659942919250	1659942921250	OK	 
USER	sse scenario	START	1659942921693
REQUEST		checkid	1659942921249	1659942922235	OK	 
REQUEST		checkdata	1659942919250	1659942922250	OK	 
REQUEST		checkid	1659942919266	1659942922266	OK	 
REQUEST		checkid	1659942922251	1659942923251	OK	 
REQUEST		sse_request	1659942921694	1659942923258	OK	 
REQUEST		check_connect	1659942923258	1659942923258	OK	 
REQUEST		checkdata	1659942922251	1659942924250	OK	 
REQUEST		checkdata	1659942919266	1659942924265	OK	 
REQUEST		checkdata	1659942921249	1659942925236	OK	 
REQUEST		checkid	1659942925236	1659942927236	OK	 
REQUEST		checkid	1659942924251	1659942927251	OK	 
REQUEST		checkid	1659942924266	1659942927266	OK	 
USER	sse scenario	START	1659942927718
REQUEST		checkdata	1659942924251	1659942928251	OK	 
REQUEST		sse_close	1659942928253	1659942928253	OK	 
USER	sse scenario	END	1659942928253
REQUEST		sse_request	1659942927719	1659942928269	OK	 
REQUEST		check_connect	1659942928269	1659942928269	OK	 
REQUEST		checkdata	1659942925236	1659942929236	OK	 
REQUEST		checkid	1659942928272	1659942929259	OK	 
REQUEST		checkdata	1659942924266	1659942929266	OK	 
REQUEST		checkid	1659942929237	1659942931237	OK	 
REQUEST		checkdata	1659942928272	1659942932258	OK	 
REQUEST		checkid	1659942929266	1659942932266	OK	 
REQUEST		checkdata	1659942929237	1659942933237	OK	 
REQUEST		checkid	1659942932259	1659942933258	OK	 
REQUEST		checkdata	1659942929266	1659942933266	OK	 
REQUEST		checkid	1659942933238	1659942934237	OK	 
REQUEST		checkid	1659942933267	1659942934267	OK	 
REQUEST		checkdata	1659942933238	1659942935237	OK	 
REQUEST		checkdata	1659942932259	1659942935259	OK	 
REQUEST		checkdata	1659942933267	1659942935267	OK	 
REQUEST		sse_close	1659942935267	1659942935267	OK	 
USER	sse scenario	END	1659942935268
REQUEST		checkid	1659942933274	1659942936270	OK	 
REQUEST		checkid	1659942935238	1659942937238	OK	 
REQUEST		checkid	1659942935260	1659942937259	OK	 
REQUEST		checkdata	1659942935238	1659942939238	OK	 
REQUEST		sse_close	1659942939239	1659942939239	OK	 
USER	sse scenario	END	1659942939239
REQUEST		checkdata	1659942935260	1659942939260	OK	 
REQUEST		checkdata	1659942933274	1659942939271	OK	 
REQUEST		checkid	1659942939260	1659942941320	OK	 
REQUEST		checkdata	1659942939260	1659942942265	OK	 
REQUEST		checkid	1659942939272	1659942942279	OK	 
REQUEST		checkid	1659942942265	1659942944260	OK	 
REQUEST		checkdata	1659942939272	1659942945279	OK	 
REQUEST		checkdata	1659942942265	1659942946267	OK	 
REQUEST		sse_close	1659942946267	1659942946268	OK	 
USER	sse scenario	END	1659942946268
REQUEST		checkid	1659942945279	1659942947271	OK	 
REQUEST		checkdata	1659942945279	1659942949282	OK	 
REQUEST		checkid	1659942949282	1659942950275	OK	 
REQUEST		checkdata	1659942949282	1659942952273	OK	 
REQUEST		checkid	1659942952273	1659942955273	OK	 
REQUEST		checkdata	1659942952273	1659942956273	OK	 
REQUEST		sse_close	1659942956273	1659942956273	OK	 
USER	sse scenario	END	1659942956274
USER	sse scenario	START	1659942963697
REQUEST		sse_request	1659942963699	1659942965252	OK	 
REQUEST		check_connect	1659942965252	1659942965252	OK	 
USER	sse scenario	START	1659942969693
REQUEST		sse_request	1659942969696	1659942970260	OK	 
REQUEST		check_connect	1659942970260	1659942970260	OK	 
REQUEST		checkid	1659942970260	1659942971261	OK	 
REQUEST		checkdata	1659942970260	1659942973258	OK	 
REQUEST		checkid	1659942973259	1659942975258	OK	 
USER	sse scenario	START	1659942975707
REQUEST		sse_request	1659942975710	1659942976262	OK	 
REQUEST		checkid	1659942975263	1659942976262	OK	 
REQUEST		check_connect	1659942976262	1659942976262	OK	 
REQUEST		checkdata	1659942973259	1659942978259	OK	 
REQUEST		checkdata	1659942975263	1659942979258	OK	 
REQUEST		checkid	1659942979259	1659942980258	OK	 
REQUEST		checkid	1659942978260	1659942980261	OK	 
REQUEST		checkdata	1659942979259	1659942981258	OK	 
USER	sse scenario	START	1659942981693
REQUEST		checkid	1659942981264	1659942982272	OK	 
REQUEST		sse_request	1659942981696	1659942983262	OK	 
REQUEST		checkdata	1659942978260	1659942983262	OK	 
REQUEST		checkid	1659942981258	1659942983261	OK	 
REQUEST		check_connect	1659942983262	1659942983262	OK	 
REQUEST		checkdata	1659942981264	1659942983266	OK	 
REQUEST		checkid	1659942983266	1659942984262	OK	 
REQUEST		checkdata	1659942983266	1659942985268	OK	 
REQUEST		checkdata	1659942981258	1659942985268	OK	 
REQUEST		checkid	1659942983262	1659942985269	OK	 
REQUEST		checkid	1659942985269	1659942986263	OK	 
REQUEST		checkid	1659942985269	1659942987258	OK	 
REQUEST		checkdata	1659942983262	1659942987261	OK	 
REQUEST		checkdata	1659942985269	1659942987263	OK	 
USER	sse scenario	START	1659942987700
REQUEST		sse_request	1659942987701	1659942988225	OK	 
REQUEST		check_connect	1659942988225	1659942988225	OK	 
REQUEST		checkdata	1659942985269	1659942988260	OK	 
REQUEST		checkid	1659942988260	1659942989259	OK	 
REQUEST		checkid	1659942987263	1659942989263	OK	 
REQUEST		checkdata	1659942988260	1659942990261	OK	 
REQUEST		sse_close	1659942990262	1659942990262	OK	 
REQUEST		checkid	1659942987261	1659942990262	OK	 
REQUEST		checkid	1659942988264	1659942990263	OK	 
USER	sse scenario	END	1659942990263
REQUEST		checkdata	1659942987263	1659942990264	OK	 
REQUEST		checkdata	1659942987261	1659942991272	OK	 
REQUEST		checkdata	1659942988264	1659942991272	OK	 
REQUEST		checkid	1659942990264	1659942991272	OK	 
REQUEST		sse_close	1659942991273	1659942991273	OK	 
USER	sse scenario	END	1659942991274
REQUEST		checkid	1659942991273	1659942992261	OK	 
REQUEST		checkdata	1659942991273	1659942993267	OK	 
REQUEST		checkdata	1659942990264	1659942994265	OK	 
REQUEST		checkid	1659942993268	1659942994265	OK	 
REQUEST		sse_close	1659942994266	1659942994266	OK	 
USER	sse scenario	END	1659942994266
REQUEST		checkid	1659942993235	1659942996224	OK	 
REQUEST		checkdata	1659942993268	1659942997267	OK	 
REQUEST		checkdata	1659942993235	1659942998235	OK	 
REQUEST		checkid	1659942998236	1659943000224	OK	 
REQUEST		checkid	1659942997268	1659943000272	OK	 
REQUEST		checkdata	1659942998236	1659943002227	OK	 
REQUEST		checkdata	1659942997268	1659943002262	OK	 
REQUEST		checkid	1659943002228	1659943003238	OK	 
REQUEST		checkdata	1659943002228	1659943004225	OK	 
REQUEST		checkid	1659943002263	1659943005268	OK	 
REQUEST		checkdata	1659943002263	1659943006272	OK	 
REQUEST		sse_close	1659943006273	1659943006273	OK	 
USER	sse scenario	END	1659943006274
REQUEST		checkid	1659943004226	1659943007225	OK	 
REQUEST		checkdata	1659943004226	1659943008226	OK	 
REQUEST		checkid	1659943008226	1659943011231	OK	 
REQUEST		checkdata	1659943008226	1659943013226	OK	 
REQUEST		sse_close	1659943013226	1659943013227	OK	 
USER	sse scenario	END	1659943013227
USER	sse scenario	START	1659943023693
REQUEST		sse_request	1659943023695	1659943024239	OK	 
REQUEST		check_connect	1659943024239	1659943024240	OK	 
USER	sse scenario	START	1659943029707
REQUEST		sse_request	1659943029710	1659943030257	OK	 
REQUEST		check_connect	1659943030257	1659943030258	OK	 
REQUEST		checkid	1659943029246	1659943031232	OK	 
REQUEST		checkdata	1659943029246	1659943033239	OK	 
REQUEST		checkid	1659943033240	1659943034233	OK	 
REQUEST		checkid	1659943035263	1659943035263	OK	 
USER	sse scenario	START	1659943035708
REQUEST		checkdata	1659943033240	1659943036242	OK	 
REQUEST		checkdata	1659943035263	1659943036258	OK	 
REQUEST		sse_request	1659943035710	1659943037269	OK	 
REQUEST		check_connect	1659943037269	1659943037269	OK	 
REQUEST		checkid	1659943036242	1659943039233	OK	 
REQUEST		checkid	1659943036259	1659943039258	OK	 
REQUEST		checkdata	1659943036259	1659943041259	OK	 
USER	sse scenario	START	1659943041695
REQUEST		sse_request	1659943041695	1659943042226	OK	 
REQUEST		check_connect	1659943042226	1659943042226	OK	 
REQUEST		checkdata	1659943036242	1659943042235	OK	 
REQUEST		checkid	1659943042280	1659943043261	OK	 
REQUEST		checkid	1659943042235	1659943044235	OK	 
REQUEST		checkid	1659943041260	1659943044258	OK	 
REQUEST		checkdata	1659943042235	1659943045234	OK	 
REQUEST		checkdata	1659943042280	1659943046262	OK	 
REQUEST		checkid	1659943045234	1659943047235	OK	 
REQUEST		checkdata	1659943041260	1659943047258	OK	 
REQUEST		checkid	1659943046263	1659943047261	OK	 
USER	sse scenario	START	1659943047708
REQUEST		checkdata	1659943046263	1659943048272	OK	 
REQUEST		checkid	1659943047227	1659943049225	OK	 
REQUEST		sse_request	1659943047710	1659943049265	OK	 
REQUEST		check_connect	1659943049265	1659943049265	OK	 
REQUEST		checkdata	1659943045234	1659943050235	OK	 
REQUEST		sse_close	1659943050235	1659943050235	OK	 
USER	sse scenario	END	1659943050235
REQUEST		checkid	1659943047259	1659943050259	OK	 
REQUEST		checkdata	1659943047259	1659943051261	OK	 
REQUEST		checkid	1659943048273	1659943051262	OK	 
REQUEST		checkdata	1659943047227	1659943052225	OK	 
REQUEST		checkid	1659943051261	1659943054260	OK	 
REQUEST		checkdata	1659943048273	1659943054266	OK	 
REQUEST		checkid	1659943052225	1659943055227	OK	 
REQUEST		checkid	1659943054267	1659943056262	OK	 
REQUEST		checkid	1659943054266	1659943056265	OK	 
REQUEST		checkdata	1659943051261	1659943057261	OK	 
REQUEST		sse_close	1659943057261	1659943057261	OK	 
USER	sse scenario	END	1659943057261
REQUEST		checkdata	1659943052225	1659943058229	OK	 
REQUEST		checkdata	1659943054267	1659943059265	OK	 
REQUEST		checkdata	1659943054266	1659943059266	OK	 
REQUEST		checkid	1659943058230	1659943060227	OK	 
REQUEST		checkdata	1659943058230	1659943061227	OK	 
REQUEST		checkid	1659943059267	1659943061267	OK	 
REQUEST		checkid	1659943059265	1659943062265	OK	 
REQUEST		checkid	1659943061227	1659943063228	OK	 
REQUEST		checkdata	1659943059267	1659943063269	OK	 
REQUEST		checkdata	1659943059265	1659943064263	OK	 
REQUEST		sse_close	1659943064263	1659943064263	OK	 
USER	sse scenario	END	1659943064264
REQUEST		checkdata	1659943061227	1659943066227	OK	 
REQUEST		checkid	1659943063270	1659943066267	OK	 
REQUEST		checkdata	1659943063270	1659943067269	OK	 
REQUEST		checkid	1659943067270	1659943068273	OK	 
REQUEST		checkid	1659943066228	1659943069227	OK	 
REQUEST		checkdata	1659943067270	1659943069267	OK	 
REQUEST		checkdata	1659943066228	1659943071233	OK	 
REQUEST		sse_close	1659943071233	1659943071233	OK	 
USER	sse scenario	END	1659943071233
REQUEST		checkid	1659943069268	1659943072267	OK	 
REQUEST		checkdata	1659943069268	1659943074267	OK	 
REQUEST		sse_close	1659943074268	1659943074268	OK	 
USER	sse scenario	END	1659943074268
USER	sse scenario	START	1659943083704
REQUEST		sse_request	1659943083705	1659943084240	OK	 
REQUEST		check_connect	1659943084240	1659943084241	OK	 
USER	sse scenario	START	1659943089699
REQUEST		checkid	1659943089246	1659943090233	OK	 
REQUEST		sse_request	1659943089700	1659943090244	OK	 
REQUEST		check_connect	1659943090244	1659943090245	OK	 
REQUEST		checkdata	1659943089246	1659943092240	OK	 
REQUEST		checkid	1659943092241	1659943093238	OK	 
REQUEST		checkdata	1659943092241	1659943095234	OK	 
USER	sse scenario	START	1659943095697
REQUEST		sse_request	1659943095698	1659943096242	OK	 
REQUEST		check_connect	1659943096242	1659943096243	OK	 
REQUEST		checkid	1659943095258	1659943097249	OK	 
REQUEST		checkid	1659943095234	1659943098234	OK	 
REQUEST		checkdata	1659943095258	1659943099245	OK	 
REQUEST		checkdata	1659943095234	1659943100235	OK	 
USER	sse scenario	START	1659943101702
REQUEST		checkid	1659943101244	1659943102238	OK	 
REQUEST		sse_request	1659943101702	1659943102243	OK	 
REQUEST		check_connect	1659943102243	1659943102244	OK	 
REQUEST		checkid	1659943099245	1659943102246	OK	 
REQUEST		checkid	1659943100235	1659943103234	OK	 
REQUEST		checkdata	1659943099245	1659943103245	OK	 
REQUEST		checkdata	1659943100235	1659943104235	OK	 
REQUEST		checkdata	1659943101244	1659943105238	OK	 
REQUEST		checkid	1659943104235	1659943106240	OK	 
REQUEST		checkid	1659943103246	1659943106246	OK	 
USER	sse scenario	START	1659943107702
REQUEST		sse_request	1659943107703	1659943108236	OK	 
REQUEST		check_connect	1659943108236	1659943108236	OK	 
REQUEST		checkdata	1659943104235	1659943108236	OK	 
REQUEST		sse_close	1659943108237	1659943108237	OK	 
USER	sse scenario	END	1659943108237
REQUEST		checkid	1659943105238	1659943108238	OK	 
REQUEST		checkdata	1659943105238	1659943109239	OK	 
REQUEST		checkdata	1659943103246	1659943109246	OK	 
REQUEST		checkid	1659943107258	1659943110244	OK	 
REQUEST		checkid	1659943109247	1659943110251	OK	 
REQUEST		checkid	1659943109239	1659943111239	OK	 
REQUEST		checkdata	1659943109247	1659943111249	OK	 
REQUEST		checkdata	1659943107258	1659943112244	OK	 
REQUEST		checkid	1659943111249	1659943112246	OK	 
REQUEST		checkdata	1659943109239	1659943113239	OK	 
REQUEST		checkid	1659943112245	1659943114244	OK	 
REQUEST		checkdata	1659943111249	1659943114246	OK	 
REQUEST		sse_close	1659943114247	1659943114247	OK	 
USER	sse scenario	END	1659943114247
REQUEST		checkid	1659943113240	1659943115235	OK	 
REQUEST		checkdata	1659943112245	1659943115243	OK	 
REQUEST		checkid	1659943113240	1659943116241	OK	 
REQUEST		checkid	1659943115244	1659943116244	OK	 
REQUEST		checkdata	1659943113240	1659943118239	OK	 
REQUEST		checkdata	1659943113240	1659943119243	OK	 
REQUEST		checkdata	1659943115244	1659943119245	OK	 
REQUEST		checkid	1659943118240	1659943120234	OK	 
REQUEST		checkid	1659943119243	1659943121244	OK	 
REQUEST		checkid	1659943119246	1659943122245	OK	 
REQUEST		checkdata	1659943118240	1659943123235	OK	 
REQUEST		checkdata	1659943119243	1659943123242	OK	 
REQUEST		sse_close	1659943123243	1659943123243	OK	 
USER	sse scenario	END	1659943123243
REQUEST		checkid	1659943123235	1659943125238	OK	 
REQUEST		checkdata	1659943119246	1659943125245	OK	 
REQUEST		checkdata	1659943123235	1659943126240	OK	 
REQUEST		checkid	1659943125245	1659943128245	OK	 
REQUEST		checkid	1659943126241	1659943129235	OK	 
REQUEST		checkdata	1659943126241	1659943130236	OK	 
REQUEST		checkdata	1659943125245	1659943131246	OK	 
REQUEST		sse_close	1659943131246	1659943131246	OK	 
USER	sse scenario	END	1659943131246
REQUEST		checkid	1659943130236	1659943133236	OK	 
REQUEST		checkdata	1659943130236	1659943134236	OK	 
REQUEST		sse_close	1659943134237	1659943134237	OK	 
USER	sse scenario	END	1659943134237
