RUN	starterpackage.OpenBrew	openbrew	1659514343978	 	3.6.1
USER	find_breweries	START	1659514345545
USER	find_breweries	START	1659514345545
USER	find_breweries	START	1659514345545
USER	find_breweries	START	1659514345545
USER	find_breweries	START	1659514345545
USER	find_breweries	START	1659514345546
USER	find_breweries	START	1659514345545
USER	find_breweries	START	1659514345545
USER	find_breweries	START	1659514345612
USER	find_breweries	START	1659514345611
REQUEST		all_breweries	1659514345595	1659514345874	OK	 
REQUEST		all_breweries	1659514345595	1659514345871	OK	 
REQUEST		all_breweries	1659514345595	1659514345863	OK	 
REQUEST		all_breweries	1659514345595	1659514345879	OK	 
REQUEST		all_breweries	1659514345595	1659514345871	OK	 
REQUEST		all_breweries	1659514345595	1659514346156	OK	 
REQUEST		all_breweries	1659514345612	1659514346156	OK	 
REQUEST		all_breweries	1659514345595	1659514346159	OK	 
REQUEST		all_breweries	1659514345595	1659514346166	OK	 
REQUEST		all_breweries	1659514345612	1659514346170	OK	 
REQUEST		id	1659514347920	1659514347992	OK	 
USER	find_breweries	END	1659514347997
REQUEST		id	1659514347919	1659514347999	OK	 
USER	find_breweries	END	1659514348000
REQUEST		id	1659514348174	1659514348351	OK	 
USER	find_breweries	END	1659514348352
REQUEST		id	1659514348185	1659514348375	OK	 
USER	find_breweries	END	1659514348377
REQUEST		id	1659514348171	1659514348615	OK	 
USER	find_breweries	END	1659514348616
REQUEST		id	1659514348172	1659514348655	OK	 
USER	find_breweries	END	1659514348656
REQUEST		id	1659514348170	1659514348663	OK	 
USER	find_breweries	END	1659514348664
REQUEST		id	1659514347920	1659514348706	OK	 
USER	find_breweries	END	1659514348707
REQUEST		id	1659514347919	1659514348723	OK	 
USER	find_breweries	END	1659514348724
REQUEST		id	1659514347917	1659514348731	OK	 
USER	find_breweries	END	1659514348732
