RUN	starterpackage.OpenBrew	openbrew	1659520401397	 	3.6.1
USER	find_breweries	START	1659520402977
USER	find_breweries	START	1659520402977
USER	find_breweries	START	1659520402977
USER	find_breweries	START	1659520402978
USER	find_breweries	START	1659520402977
REQUEST		all_breweries	1659520403019	1659520403563	OK	 
REQUEST		all_breweries	1659520403019	1659520403569	OK	 
REQUEST		all_breweries	1659520403019	1659520403593	OK	 
REQUEST		all_breweries	1659520403019	1659520403598	OK	 
REQUEST		all_breweries	1659520403019	1659520403656	OK	 
REQUEST		id	1659520405664	1659520405864	OK	 
USER	find_breweries	END	1659520405871
REQUEST		id	1659520405611	1659520406060	OK	 
USER	find_breweries	END	1659520406061
REQUEST		id	1659520405611	1659520406100	OK	 
USER	find_breweries	END	1659520406102
REQUEST		id	1659520405611	1659520406137	OK	 
USER	find_breweries	END	1659520406138
REQUEST		id	1659520405611	1659520406148	OK	 
USER	find_breweries	END	1659520406149
