RUN	starterpackage.OpenBrew	openbrew	1659511229341	 	3.6.1
USER	find_breweries	START	1659511230448
USER	find_breweries	START	1659511230448
USER	find_breweries	START	1659511230510
USER	find_breweries	START	1659511230448
USER	find_breweries	START	1659511230448
USER	find_breweries	START	1659511230448
USER	find_breweries	START	1659511230448
USER	find_breweries	START	1659511230454
USER	find_breweries	START	1659511230512
USER	find_breweries	START	1659511230448
REQUEST		all_breweries	1659511230495	1659511230770	OK	 
REQUEST		all_breweries	1659511230495	1659511230769	OK	 
REQUEST		all_breweries	1659511230496	1659511230771	OK	 
REQUEST		all_breweries	1659511230495	1659511230778	OK	 
REQUEST		all_breweries	1659511230495	1659511230768	OK	 
REQUEST		all_breweries	1659511230510	1659511230774	OK	 
REQUEST		all_breweries	1659511230495	1659511230814	OK	 
REQUEST		all_breweries	1659511230512	1659511230815	OK	 
REQUEST		all_breweries	1659511230495	1659511231062	OK	 
REQUEST		all_breweries	1659511230495	1659511231073	OK	 
REQUEST		id	1659511232838	1659511232915	OK	 
REQUEST		id	1659511232840	1659511232920	OK	 
REQUEST		id	1659511232840	1659511232924	OK	 
REQUEST		id	1659511232838	1659511232924	OK	 
USER	find_breweries	END	1659511232922
USER	find_breweries	END	1659511232922
USER	find_breweries	END	1659511232926
USER	find_breweries	END	1659511232926
REQUEST		id	1659511233086	1659511233557	OK	 
REQUEST		id	1659511233071	1659511233558	OK	 
USER	find_breweries	END	1659511233560
USER	find_breweries	END	1659511233560
REQUEST		id	1659511232839	1659511233667	OK	 
USER	find_breweries	END	1659511233670
REQUEST		id	1659511232839	1659511233683	OK	 
USER	find_breweries	END	1659511233683
REQUEST		id	1659511232839	1659511233688	OK	 
USER	find_breweries	END	1659511233689
REQUEST		id	1659511232839	1659511233695	OK	 
USER	find_breweries	END	1659511233696
