RUN	starterpackage.OpenBrew	openbrew	1659521016997	 	3.6.1
USER	find_breweries	START	1659521018262
USER	find_breweries	START	1659521018262
USER	find_breweries	START	1659521018262
USER	find_breweries	START	1659521018262
USER	find_breweries	START	1659521018262
REQUEST		all_breweries	1659521018350	1659521018664	OK	 
REQUEST		all_breweries	1659521018350	1659521018667	OK	 
REQUEST		all_breweries	1659521018350	1659521018930	OK	 
REQUEST		all_breweries	1659521018350	1659521018969	OK	 
REQUEST		all_breweries	1659521018350	1659521019432	OK	 
REQUEST		id	1659521020721	1659521020800	OK	 
REQUEST		id	1659521020721	1659521020806	OK	 
USER	find_breweries	END	1659521020822
USER	find_breweries	END	1659521020822
REQUEST		id	1659521020951	1659521021131	OK	 
USER	find_breweries	END	1659521021133
REQUEST		id	1659521021009	1659521021265	OK	 
USER	find_breweries	END	1659521021267
REQUEST		id	1659521021448	1659521021532	OK	 
USER	find_breweries	END	1659521021534
