RUN	starterpackage.OpenBrew	openbrew	1659512611796	 	3.6.1
USER	find_breweries	START	1659512613231
USER	find_breweries	START	1659512613220
USER	find_breweries	START	1659512613220
USER	find_breweries	START	1659512613232
USER	find_breweries	START	1659512613308
USER	find_breweries	START	1659512613308
USER	find_breweries	START	1659512613219
USER	find_breweries	START	1659512613233
USER	find_breweries	START	1659512613233
USER	find_breweries	START	1659512613220
REQUEST		all_breweries	1659512613290	1659512613547	OK	 
REQUEST		all_breweries	1659512613308	1659512613548	OK	 
REQUEST		all_breweries	1659512613290	1659512613884	OK	 
REQUEST		all_breweries	1659512613290	1659512613922	OK	 
REQUEST		all_breweries	1659512613290	1659512613935	OK	 
REQUEST		all_breweries	1659512613290	1659512613940	OK	 
REQUEST		all_breweries	1659512613290	1659512613945	OK	 
REQUEST		all_breweries	1659512613290	1659512614179	OK	 
REQUEST		all_breweries	1659512613290	1659512614207	OK	 
REQUEST		all_breweries	1659512613308	1659512614233	OK	 
REQUEST		id	1659512615593	1659512615667	OK	 
USER	find_breweries	END	1659512615671
REQUEST		id	1659512615901	1659512616353	OK	 
USER	find_breweries	END	1659512616355
REQUEST		id	1659512615932	1659512616379	OK	 
USER	find_breweries	END	1659512616381
REQUEST		id	1659512616195	1659512616386	OK	 
USER	find_breweries	END	1659512616387
REQUEST		id	1659512615593	1659512616406	OK	 
USER	find_breweries	END	1659512616407
REQUEST		id	1659512615962	1659512616419	OK	 
USER	find_breweries	END	1659512616420
REQUEST		id	1659512615947	1659512616432	OK	 
USER	find_breweries	END	1659512616433
REQUEST		id	1659512615947	1659512616444	OK	 
USER	find_breweries	END	1659512616447
REQUEST		id	1659512616210	1659512616659	OK	 
USER	find_breweries	END	1659512616661
REQUEST		id	1659512616241	1659512616675	OK	 
USER	find_breweries	END	1659512616676
