RUN	starterpackage.OpenBrew	openbrew	1659513188033	 	3.6.1
USER	find_breweries	START	1659513189243
USER	find_breweries	START	1659513189241
USER	find_breweries	START	1659513189244
USER	find_breweries	START	1659513189240
USER	find_breweries	START	1659513189241
USER	find_breweries	START	1659513189242
USER	find_breweries	START	1659513189238
USER	find_breweries	START	1659513189302
USER	find_breweries	START	1659513189303
USER	find_breweries	START	1659513189235
REQUEST		all_breweries	1659513189285	1659513189548	OK	 
REQUEST		all_breweries	1659513189286	1659513189558	OK	 
REQUEST		all_breweries	1659513189303	1659513189550	OK	 
REQUEST		all_breweries	1659513189285	1659513189549	OK	 
REQUEST		all_breweries	1659513189286	1659513189687	OK	 
REQUEST		all_breweries	1659513189285	1659513189830	OK	 
REQUEST		all_breweries	1659513189304	1659513189862	OK	 
REQUEST		all_breweries	1659513189286	1659513189863	OK	 
REQUEST		all_breweries	1659513189285	1659513189870	OK	 
REQUEST		all_breweries	1659513189285	1659513189871	OK	 
REQUEST		id	1659513191613	1659513191686	OK	 
USER	find_breweries	END	1659513191690
REQUEST		id	1659513191613	1659513191696	OK	 
USER	find_breweries	END	1659513191696
REQUEST		id	1659513191876	1659513192064	OK	 
USER	find_breweries	END	1659513192065
REQUEST		id	1659513191842	1659513192291	OK	 
USER	find_breweries	END	1659513192292
REQUEST		id	1659513191875	1659513192343	OK	 
USER	find_breweries	END	1659513192344
REQUEST		id	1659513191873	1659513192400	OK	 
USER	find_breweries	END	1659513192401
REQUEST		id	1659513191873	1659513192407	OK	 
USER	find_breweries	END	1659513192407
REQUEST		id	1659513191613	1659513192441	OK	 
USER	find_breweries	END	1659513192442
REQUEST		id	1659513191613	1659513192482	OK	 
USER	find_breweries	END	1659513192484
REQUEST		id	1659513191702	1659513192533	OK	 
USER	find_breweries	END	1659513192535
