RUN	starterpackage.OpenBrew	openbrew	1659514699798	 	3.6.1
USER	find_breweries	START	1659514701039
USER	find_breweries	START	1659514701039
USER	find_breweries	START	1659514701039
USER	find_breweries	START	1659514701039
USER	find_breweries	START	1659514701039
REQUEST		all_breweries	1659514701079	1659514701360	OK	 
REQUEST		all_breweries	1659514701079	1659514701362	OK	 
REQUEST		all_breweries	1659514701079	1659514701371	OK	 
REQUEST		all_breweries	1659514701079	1659514701364	OK	 
REQUEST		all_breweries	1659514701079	1659514701678	OK	 
REQUEST		id	1659514703420	1659514703499	OK	 
REQUEST		id	1659514703421	1659514703498	OK	 
REQUEST		id	1659514703421	1659514703501	OK	 
USER	find_breweries	END	1659514703511
USER	find_breweries	END	1659514703511
USER	find_breweries	END	1659514703511
REQUEST		id	1659514703689	1659514704166	OK	 
USER	find_breweries	END	1659514704168
REQUEST		id	1659514703421	1659514704239	OK	 
USER	find_breweries	END	1659514704242
