RUN	starterpackage.OpenBrew	openbrew	1659515367488	 	3.6.1
USER	find_breweries	START	1659515368957
USER	find_breweries	START	1659515368957
USER	find_breweries	START	1659515368957
USER	find_breweries	START	1659515368957
USER	find_breweries	START	1659515368957
REQUEST		all_breweries	1659515368996	1659515369250	OK	 
REQUEST		all_breweries	1659515368996	1659515369235	OK	 
REQUEST		all_breweries	1659515368996	1659515369242	OK	 
REQUEST		all_breweries	1659515368996	1659515369538	OK	 
REQUEST		all_breweries	1659515368996	1659515369557	OK	 
REQUEST		id	1659515371303	1659515371378	OK	 
REQUEST		id	1659515371303	1659515371379	OK	 
USER	find_breweries	END	1659515371384
USER	find_breweries	END	1659515371384
REQUEST		id	1659515371552	1659515372054	OK	 
USER	find_breweries	END	1659515372056
REQUEST		id	1659515371568	1659515372075	OK	 
USER	find_breweries	END	1659515372076
REQUEST		id	1659515371303	1659515372123	OK	 
USER	find_breweries	END	1659515372124
