RUN	starterpackage.OpenBrew	openbrew	1659520904211	 	3.6.1
USER	find_breweries	START	1659520905511
USER	find_breweries	START	1659520905511
USER	find_breweries	START	1659520905511
USER	find_breweries	START	1659520905511
USER	find_breweries	START	1659520905511
REQUEST		all_breweries	1659520905560	1659520905815	OK	 
REQUEST		all_breweries	1659520905560	1659520906146	OK	 
REQUEST		all_breweries	1659520905559	1659520906153	OK	 
REQUEST		all_breweries	1659520905559	1659520906178	OK	 
REQUEST		all_breweries	1659520905559	1659520906194	OK	 
REQUEST		id	1659520907862	1659520907935	OK	 
USER	find_breweries	END	1659520907943
REQUEST		id	1659520908151	1659520908334	OK	 
USER	find_breweries	END	1659520908337
REQUEST		id	1659520908182	1659520908367	OK	 
USER	find_breweries	END	1659520908369
REQUEST		id	1659520908197	1659520908391	OK	 
USER	find_breweries	END	1659520908393
REQUEST		id	1659520908166	1659520908623	OK	 
USER	find_breweries	END	1659520908624
